[2022-08-12T23:12:26.947] [WARN] development - Ruta: /hola Método: GET No implementado
[2022-08-12T23:12:46.543] [ERROR] development - Error: Error: No existe producto con ese ID
[2022-08-26T11:14:42.228] [WARN] development - Ruta: /upload Método: POST No implementado
[2022-08-26T11:26:59.127] [WARN] development - Ruta: /upload Método: POST No implementado
[2022-08-26T11:27:19.387] [WARN] development - Ruta: /upload Método: POST No implementado
[2022-08-26T17:52:53.039] [WARN] development - Ruta: /upload Método: POST No implementado
[2022-08-26T18:21:00.668] [WARN] development - Ruta: /upload Método: GET No implementado
[2022-08-26T18:56:04.696] [WARN] development - Ruta: /1661532938990facu.jpeg Método: GET No implementado
[2022-08-26T18:56:10.997] [WARN] development - Ruta: /avatar/1661532938990facu.jpeg Método: GET No implementado
[2022-08-26T18:56:24.222] [WARN] development - Ruta: /public/avatar/1661532938990facu.jpeg Método: GET No implementado
[2022-08-26T18:57:15.191] [WARN] development - Ruta: /1661532938990facu.jpeg Método: GET No implementado
[2022-08-26T18:57:45.427] [WARN] development - Ruta: /images/1661532938990facu.jpeg Método: GET No implementado
[2022-08-26T19:02:07.637] [WARN] development - Ruta: /facu.jpeg Método: GET No implementado
[2022-08-26T19:10:48.049] [WARN] development - Ruta: /avatars/.jpeg Método: GET No implementado
[2022-08-27T21:12:36.919] [WARN] development - Ruta: /api/carts Método: POST No implementado
[2022-08-27T21:30:14.903] [WARN] development - Ruta: /api/carrito Método: GET No implementado
[2022-08-27T22:02:20.038] [WARN] development - Ruta: /api/carrito//productos Método: GET No implementado
[2022-08-27T22:04:50.934] [WARN] development - Ruta: /api/carrito//productos Método: GET No implementado
[2022-08-27T22:05:00.612] [WARN] development - Ruta: /api/carrito//productos Método: GET No implementado
[2022-08-27T22:11:26.180] [WARN] development - Ruta: /api/carrito/styles.css Método: GET No implementado
[2022-08-27T22:11:26.186] [WARN] development - Ruta: /api/carrito/1/main.js Método: GET No implementado
[2022-08-27T22:11:58.894] [WARN] development - Ruta: /api/carrito/styles.css Método: GET No implementado
[2022-08-27T22:11:58.910] [WARN] development - Ruta: /api/carrito/1/main.js Método: GET No implementado
[2022-08-27T22:12:05.956] [WARN] development - Ruta: /api/carrito/styles.css Método: GET No implementado
[2022-08-27T22:12:05.963] [WARN] development - Ruta: /api/carrito/1/main.js Método: GET No implementado
[2022-08-27T22:12:12.054] [WARN] development - Ruta: /api/carrito/styles.css Método: GET No implementado
[2022-08-27T22:12:12.080] [WARN] development - Ruta: /api/carrito/1/main.js Método: GET No implementado
[2022-08-27T22:14:43.650] [WARN] development - Ruta: /api/carrito/1/style.css Método: GET No implementado
[2022-08-27T22:14:43.654] [WARN] development - Ruta: /api/carrito/1/main.js Método: GET No implementado
[2022-08-27T22:15:23.099] [WARN] development - Ruta: /style.css Método: GET No implementado
[2022-08-27T22:15:40.625] [WARN] development - Ruta: /api/carrito/styles.css Método: GET No implementado
[2022-08-27T22:15:40.641] [WARN] development - Ruta: /api/carrito/1/main.js Método: GET No implementado
[2022-08-27T22:15:48.655] [WARN] development - Ruta: /api/carrito/styles.css Método: GET No implementado
[2022-08-27T22:15:48.666] [WARN] development - Ruta: /api/carrito/1/main.js Método: GET No implementado
[2022-08-27T22:17:57.567] [WARN] development - Ruta: /api/carrito/1/css/style.css Método: GET No implementado
[2022-08-27T22:17:57.582] [WARN] development - Ruta: /api/carrito/1/main.js Método: GET No implementado
[2022-08-27T22:25:17.523] [WARN] development - Ruta: /style.css Método: GET No implementado
[2022-08-27T22:25:18.923] [WARN] development - Ruta: /style.css Método: GET No implementado
[2022-08-27T22:25:42.826] [WARN] development - Ruta: /style.css Método: GET No implementado
[2022-08-27T22:25:48.543] [WARN] development - Ruta: /style.css Método: GET No implementado
[2022-08-27T22:25:59.589] [WARN] development - Ruta: /style.css Método: GET No implementado
[2022-08-27T22:26:04.683] [WARN] development - Ruta: /style.css Método: GET No implementado
[2022-08-27T22:26:15.790] [WARN] development - Ruta: /style.css Método: GET No implementado
[2022-08-27T22:26:20.143] [WARN] development - Ruta: /style.css Método: GET No implementado
[2022-08-27T22:26:42.397] [WARN] development - Ruta: /css/style.css Método: GET No implementado
[2022-08-27T22:27:02.711] [WARN] development - Ruta: /style.css Método: GET No implementado
[2022-08-27T22:27:24.152] [WARN] development - Ruta: /api/carrito//productos Método: GET No implementado
[2022-08-27T22:27:34.699] [WARN] development - Ruta: /api/carrito/1/main.js Método: GET No implementado
[2022-08-27T23:32:56.630] [ERROR] development - Error: Error: Update() requires either a single JavaScript object or an alternating list of field/value pairs that can be followed by an optional precondition. Value for argument "dataOrField" is not a valid Firestore value. Cannot use "undefined" as a Firestore value (found in field "products.`2`.title"). If you want to ignore undefined values, enable `ignoreUndefinedProperties`.
[2022-08-27T23:35:50.765] [ERROR] development - Error: Error: Update() requires either a single JavaScript object or an alternating list of field/value pairs that can be followed by an optional precondition. Value for argument "dataOrField" is not a valid Firestore value. Cannot use "undefined" as a Firestore value (found in field "products.`2`.title"). If you want to ignore undefined values, enable `ignoreUndefinedProperties`.
[2022-08-27T23:37:07.724] [ERROR] development - Error: Error: Update() requires either a single JavaScript object or an alternating list of field/value pairs that can be followed by an optional precondition. Value for argument "dataOrField" is not a valid Firestore value. Cannot use "undefined" as a Firestore value (found in field "products.`2`.description"). If you want to ignore undefined values, enable `ignoreUndefinedProperties`.
[2022-08-27T23:51:53.133] [ERROR] development - Error: Error: Update() requires either a single JavaScript object or an alternating list of field/value pairs that can be followed by an optional precondition. Value for argument "dataOrField" is not a valid Firestore value. Cannot use "undefined" as a Firestore value (found in field "products.`1`.timeStamp"). If you want to ignore undefined values, enable `ignoreUndefinedProperties`.
