[2022-09-05T23:58:45.277] [WARN] development - Ruta: /productos Método: GET No implementado
[2022-09-06T00:03:45.128] [WARN] development - Ruta: /user Método: GET No implementado
[2022-09-06T00:14:57.285] [WARN] development - Ruta: /avatars/.jpeg Método: GET No implementado
[2022-09-06T00:16:37.253] [WARN] development - Ruta: /avatars/.jpeg Método: GET No implementado
[2022-09-06T00:17:54.854] [WARN] development - Ruta: /avatars/.jpeg Método: GET No implementado
[2022-09-06T00:18:14.980] [WARN] development - Ruta: /avatars/.jpeg Método: GET No implementado
[2022-09-06T00:18:17.376] [WARN] development - Ruta: /avatars/.jpeg Método: GET No implementado
[2022-09-06T00:18:52.937] [WARN] development - Ruta: /avatars/.jpeg Método: GET No implementado
[2022-09-06T00:18:56.067] [WARN] development - Ruta: /avatars/.jpeg Método: GET No implementado
[2022-09-06T00:22:48.989] [WARN] development - Ruta: /avatars/.jpeg Método: GET No implementado
[2022-09-06T00:33:01.606] [WARN] development - Ruta: /avatars/.jpeg Método: GET No implementado
[2022-09-06T00:33:06.013] [WARN] development - Ruta: /avatars/.jpeg Método: GET No implementado
[2022-09-06T00:33:08.116] [WARN] development - Ruta: /avatars/.jpeg Método: GET No implementado
[2022-09-06T21:27:01.738] [WARN] development - Ruta: /avatars/.jpeg Método: GET No implementado
[2022-09-06T21:27:33.061] [WARN] development - Ruta: /avatars/.jpeg Método: GET No implementado
[2022-09-06T21:27:35.755] [WARN] development - Ruta: /avatars/.jpeg Método: GET No implementado
[2022-09-06T21:33:50.406] [WARN] development - Ruta: /avatars/.jpeg Método: GET No implementado
[2022-09-07T23:05:23.389] [WARN] development - Ruta: /avatars/.jpeg Método: GET No implementado
[2022-09-07T23:06:39.080] [WARN] development - Ruta: /avatars/.jpeg Método: GET No implementado
[2022-09-07T23:07:22.213] [WARN] development - Ruta: /avatars/.jpeg Método: GET No implementado
[2022-09-07T23:07:31.111] [WARN] development - Ruta: /avatars/.jpeg Método: GET No implementado
[2022-09-07T23:08:34.385] [WARN] development - Ruta: /fotaza Método: GET No implementado
[2022-09-07T23:10:45.116] [WARN] development - Ruta: /fotaza Método: GET No implementado
[2022-09-07T23:12:20.071] [WARN] development - Ruta: /fotaza Método: GET No implementado
[2022-09-07T23:16:19.450] [WARN] development - Ruta: /foto Método: GET No implementado
[2022-09-07T23:29:23.945] [ERROR] development - Error: ReferenceError: res is not defined
[2022-09-07T23:37:21.247] [ERROR] development - Error: TypeError: products.getAllProducts is not a function
